
		Tue Sep 29 2020
13:38:36 OpenLink Virtuoso Universal Server
13:38:36 Version 07.20.3215-pthreads for Linux as of Aug 21 2019
13:38:36 uses parts of OpenSSL, PCRE, Html Tidy
13:38:36 SQL Optimizer enabled (max 1000 layouts)
13:38:36 Compiler unit is timed at 0.000650 msec
13:38:39 Checkpoint started
13:38:39 Roll forward started
13:38:39 Roll forward complete
13:38:39 Checkpoint started
13:38:39 Checkpoint finished, log reused
13:38:39 Checkpoint started
13:38:39 Checkpoint finished, log reused
13:38:40 Checkpoint started
13:38:40 Checkpoint finished, log reused
13:38:40 Checkpoint started
13:38:40 Checkpoint finished, log reused
13:38:40 Checkpoint started
13:38:40 Checkpoint finished, log reused
13:38:40 PL LOG: Installing Virtuoso Conductor version 1.00.8754 (DAV)
13:38:40 PL LOG: Installing with dependencies Virtuoso Conductor version 1.00.8754/2019-08-21 11:12 (DAV)
13:38:40 Checkpoint started
13:38:40 Checkpoint finished, log reused
13:38:43 Checkpoint started
13:38:43 Checkpoint finished, log reused
13:38:43 PL LOG: Installation with dependencies complete
13:38:43 Checkpoint started
13:38:43 Checkpoint finished, log reused
13:38:43 HTTP/WebDAV server online at 8890
13:38:43 Server online at 1111 (pid 18)
13:38:43 Server received signal 15
13:38:43 Initiating quick shutdown
13:38:43 Server shutdown complete

		Tue Sep 29 2020
13:38:43 OpenLink Virtuoso Universal Server
13:38:43 Version 07.20.3215-pthreads for Linux as of Aug 21 2019
13:38:43 uses parts of OpenSSL, PCRE, Html Tidy
13:38:43 Database version 3126
13:38:43 SQL Optimizer enabled (max 1000 layouts)
13:38:44 Compiler unit is timed at 0.000189 msec
13:38:45 Roll forward started
13:38:45 Roll forward complete
13:38:45 Checkpoint started
13:38:45 Checkpoint finished, log reused
13:38:45 HTTP/WebDAV server online at 8890
13:38:45 Server online at 1111 (pid 1)
13:38:50 ERRS_0 01V01 QW004 <unspec>:2891: WS.WS.SPARQL_ENDPOINT_GENERATE_FORM: Incompatible types INTEGER (189) and VARCHAR (182) in = for debug and <constant>
14:38:47 Checkpoint started
14:38:47 Checkpoint finished, log reused
21:35:39 Checkpoint started
21:35:39 Checkpoint finished, log reused
21:35:22 Checkpoint started
21:35:22 Checkpoint finished, log reused
22:35:24 Checkpoint started
22:35:24 Checkpoint finished, log reused
23:35:26 Checkpoint started
23:35:26 Checkpoint finished, log reused

		Wed Sep 30 2020
00:35:28 Checkpoint started
00:35:28 Checkpoint finished, log reused
01:35:30 Checkpoint started
01:35:30 Checkpoint finished, log reused
02:35:31 Checkpoint started
02:35:31 Checkpoint finished, log reused
03:35:33 Checkpoint started
03:35:33 Checkpoint finished, log reused
04:35:35 Checkpoint started
04:35:35 Checkpoint finished, log reused
05:35:37 Checkpoint started
05:35:37 Checkpoint finished, log reused
06:35:39 Checkpoint started
06:35:39 Checkpoint finished, log reused
07:51:37 Checkpoint started
07:51:37 Checkpoint finished, log reused
07:51:18 Checkpoint started
07:51:18 Checkpoint finished, log reused
08:51:19 Checkpoint started
08:51:19 Checkpoint finished, log reused
09:34:29 Server received signal 15
09:34:29 Initiating quick shutdown
09:34:29 Server shutdown complete

		Wed Sep 30 2020
09:41:10 OpenLink Virtuoso Universal Server
09:41:10 Version 07.20.3215-pthreads for Linux as of Aug 21 2019
09:41:10 uses parts of OpenSSL, PCRE, Html Tidy
09:41:10 Database version 3126
09:41:10 SQL Optimizer enabled (max 1000 layouts)
09:41:12 Compiler unit is timed at 0.001211 msec
09:41:19 Roll forward started
09:41:19     78 transactions, 6820 bytes replayed (100 %)
09:41:19 Roll forward complete
09:41:21 Checkpoint started
09:41:21 Checkpoint finished, log reused
09:41:21 HTTP/WebDAV server online at 8890
09:41:21 Server online at 1111 (pid 1)
09:41:28 ERRS_0 01V01 QW004 <unspec>:2891: WS.WS.SPARQL_ENDPOINT_GENERATE_FORM: Incompatible types INTEGER (189) and VARCHAR (182) in = for debug and <constant>
09:52:40 Server received signal 15
09:52:40 Initiating quick shutdown
09:52:40 Server shutdown complete

		Wed Sep 30 2020
09:59:45 OpenLink Virtuoso Universal Server
09:59:45 Version 07.20.3215-pthreads for Linux as of Aug 21 2019
09:59:45 uses parts of OpenSSL, PCRE, Html Tidy
09:59:45 Database version 3126
09:59:45 SQL Optimizer enabled (max 1000 layouts)
09:59:47 Compiler unit is timed at 0.001283 msec
09:59:53 Roll forward started
09:59:53     20 transactions, 1684 bytes replayed (100 %)
09:59:53 Roll forward complete
09:59:55 Checkpoint started
09:59:55 Checkpoint finished, log reused
09:59:56 HTTP/WebDAV server online at 8890
09:59:56 Server online at 1111 (pid 1)
10:00:02 ERRS_0 01V01 QW004 <unspec>:2891: WS.WS.SPARQL_ENDPOINT_GENERATE_FORM: Incompatible types INTEGER (189) and VARCHAR (182) in = for debug and <constant>
10:59:57 Checkpoint started
10:59:57 Checkpoint finished, log reused
